[
  {
    "level_": 0,
    "message_": "android.ndkVersion from module build.gradle is [21.1.6352462]",
    "file_": "",
    "tag_": "",
    "diagnosticCode_": 0,
    "memoizedIsInitialized": 1,
    "unknownFields": {
      "fields": {},
      "fieldsDescending": {}
    },
    "memoizedSize": -1,
    "memoizedHashCode": -1570746721
  },
  {
    "level_": 0,
    "message_": "android.ndkPath from module build.gradle is not set",
    "file_": "",
    "tag_": "",
    "diagnosticCode_": 0,
    "memoizedIsInitialized": 1,
    "unknownFields": {
      "fields": {},
      "fieldsDescending": {}
    },
    "memoizedSize": -1,
    "memoizedHashCode": 1032738611
  },
  {
    "level_": 0,
    "message_": "ndk.dir in local.properties is not set",
    "file_": "",
    "tag_": "",
    "diagnosticCode_": 0,
    "memoizedIsInitialized": 1,
    "unknownFields": {
      "fields": {},
      "fieldsDescending": {}
    },
    "memoizedSize": -1,
    "memoizedHashCode": 1737199804
  },
  {
    "level_": 0,
    "message_": "Not considering ANDROID_NDK_HOME because support was removed after deprecation period.",
    "file_": "",
    "tag_": "",
    "diagnosticCode_": 0,
    "memoizedIsInitialized": 1,
    "unknownFields": {
      "fields": {},
      "fieldsDescending": {}
    },
    "memoizedSize": -1,
    "memoizedHashCode": -694953422
  },
  {
    "level_": 0,
    "message_": "sdkFolder is C:\\Users\\wenxiangL\\AppData\\Local\\Android\\Sdk",
    "file_": "",
    "tag_": "",
    "diagnosticCode_": 0,
    "memoizedIsInitialized": 1,
    "unknownFields": {
      "fields": {},
      "fieldsDescending": {}
    },
    "memoizedSize": -1,
    "memoizedHashCode": -139437667
  }
]